root@ubuntu-s-1vcpu-2gb-fra1-01:~/BinanceFuturesBot# tail -n +22301619 /var/log/binance-bot-error.log | head -100
2025-10-31 23:35:29 - BinanceScanner - INFO - [main.py:39] - 🔧 [Main] Starting initialization...
2025-10-31 23:35:29 - BinanceScanner - INFO - [db_manager.py:22] - 🔧 [DatabaseManager] Initializing synchronous database connection...
2025-10-31 23:35:29 - BinanceScanner - INFO - [db_manager.py:42] - ✅ [DatabaseManager] Database connection ready, all tables created/verified
2025-10-31 23:35:29 - BinanceScanner - INFO - [db_manager.py:63] - 🔧 [DatabaseManager] Initializing async database connection pool...
2025-10-31 23:35:29 - BinanceScanner - INFO - [db_manager.py:76] - ✅ [DatabaseManager] Async database pool created successfully (2-10 connections)
2025-10-31 23:35:29 - BinanceScanner - INFO - [signal_generator.py:34] - 🔧 [SignalGenerator] Initialized with dynamic SL/TP modules
2025-10-31 23:35:29 - BinanceScanner - INFO - [main.py:45] - ✅ [Main] SignalGenerator initialized with db_pool
2025-10-31 23:35:29 - BinanceScanner - INFO - [redis_manager.py:19] - 🔧 [RedisManager] Connecting to Redis...
2025-10-31 23:35:29 - BinanceScanner - INFO - [redis_manager.py:30] - ✅ [RedisManager] Connected to Redis successfully
2025-10-31 23:35:29 - BinanceScanner - INFO - [binance_client.py:33] - 🔧 [BinanceClient] Initializing synchronous client with proxy...
2025-10-31 23:35:30 - BinanceScanner - INFO - [binance_client.py:45] - ✅ [BinanceClient] Connected to Binance Futures API, 626 symbols available
2025-10-31 23:35:30 - BinanceScanner - INFO - [binance_client.py:53] - 🔧 [BinanceClient] Initializing async session with proxy...
2025-10-31 23:35:30 - BinanceScanner - INFO - [binance_client.py:70] - ✅ [BinanceClient] Async session initialized with optimized connector (limit=50, force_close=True)
2025-10-31 23:35:30 - BinanceScanner - INFO - [telegram_dispatcher.py:28] - ✅ [TelegramDispatcher] Connected as @EBinFut_bot
2025-10-31 23:35:30 - BinanceScanner - INFO - [telegram_bot.py:22] - 🚀 [TelegramBotHandler] Starting Telegram bot...
2025-10-31 23:35:30 - BinanceScanner - INFO - [telegram_bot.py:36] - ✅ [TelegramBotHandler] Telegram bot started successfully with proxy
2025-10-31 23:35:31 - BinanceScanner - INFO - [telegram_dispatcher.py:206] - 📤 [TelegramDispatcher] Sent notification
2025-10-31 23:35:31 - BinanceScanner - INFO - [main.py:58] - ✅ [Main] Initialization complete!
2025-10-31 23:35:31 - BinanceScanner - INFO - [main.py:68] - 🚀 [Main] Starting main loop...
2025-10-31 23:35:31 - BinanceScanner - INFO - [main.py:96] - 🔍 [Main] Performing initial universe scan...
2025-10-31 23:35:31 - BinanceScanner - INFO - [universe_selector.py:63] - 🔍 [UniverseSelector] Starting optimized 3-stage universe scan...
2025-10-31 23:35:31 - BinanceScanner - INFO - [binance_client.py:137] - 📝 [BinanceClient] Fetching exchange info...
2025-10-31 23:35:31 - BinanceScanner - INFO - [universe_selector.py:77] - 📊 [UniverseSelector] Found 535 USDT trading pairs
2025-10-31 23:35:31 - BinanceScanner - INFO - [universe_selector.py:56] - 🚫 [Blacklist] Filtered 1 blacklisted symbols
2025-10-31 23:35:31 - BinanceScanner - INFO - [universe_selector.py:58] - 🚫 [Blacklist] Filtered 1 non-ASCII symbols
2025-10-31 23:35:31 - BinanceScanner - INFO - [universe_selector.py:81] - 📊 [UniverseSelector] After blacklist filter: 533 symbols
2025-10-31 23:35:31 - BinanceScanner - INFO - [binance_client.py:141] - 📝 [BinanceClient] Fetching 24hr tickers...
2025-10-31 23:35:32 - BinanceScanner - INFO - [binance_client.py:182] - 📝 [BinanceClient] Fetching book tickers (bid/ask prices) for all symbols...
2025-10-31 23:35:32 - BinanceScanner - INFO - [universe_selector.py:97] - 📊 [UniverseSelector] Fetched book tickers (bid/ask) for 533 symbols
2025-10-31 23:35:32 - BinanceScanner - INFO - [universe_selector.py:209] - 📝 [Stage 1 Debug] First book ticker (BTCUSDT): bidPrice=109526.50, askPrice=109526.60
2025-10-31 23:35:32 - BinanceScanner - INFO - [universe_selector.py:228] - ✅ [Stage 1] Passed volume filter: 107 symbols ready for Stage 2
2025-10-31 23:35:32 - BinanceScanner - INFO - [universe_selector.py:103] - ✅ [Stage 1/3] Volume filter: 533 → 107 symbols (0.00s)
2025-10-31 23:35:32 - BinanceScanner - INFO - [universe_selector.py:246] - 📊 [Stage 2] Processing 107 symbols in 11 batches of 10 (stable mode)...
2025-10-31 23:35:32 - BinanceScanner - INFO - [universe_selector.py:249] - 🔄 [Stage 2 Batch 1/11] Processing symbols 1 to 10...
2025-10-31 23:35:39 - BinanceScanner - INFO - [universe_selector.py:295] - ⏸️  [Stage 2] Batch 1/11 complete, pausing 1 second before next batch...
2025-10-31 23:35:40 - BinanceScanner - INFO - [universe_selector.py:249] - 🔄 [Stage 2 Batch 2/11] Processing symbols 11 to 20...
2025-10-31 23:35:48 - BinanceScanner - INFO - [universe_selector.py:295] - ⏸️  [Stage 2] Batch 2/11 complete, pausing 1 second before next batch...
2025-10-31 23:35:49 - BinanceScanner - INFO - [universe_selector.py:249] - 🔄 [Stage 2 Batch 3/11] Processing symbols 21 to 30...
2025-10-31 23:35:57 - BinanceScanner - INFO - [universe_selector.py:295] - ⏸️  [Stage 2] Batch 3/11 complete, pausing 1 second before next batch...
2025-10-31 23:35:58 - BinanceScanner - INFO - [universe_selector.py:249] - 🔄 [Stage 2 Batch 4/11] Processing symbols 31 to 40...
2025-10-31 23:36:05 - BinanceScanner - INFO - [universe_selector.py:295] - ⏸️  [Stage 2] Batch 4/11 complete, pausing 1 second before next batch...
2025-10-31 23:36:06 - BinanceScanner - INFO - [universe_selector.py:249] - 🔄 [Stage 2 Batch 5/11] Processing symbols 41 to 50...
2025-10-31 23:36:13 - BinanceScanner - INFO - [universe_selector.py:295] - ⏸️  [Stage 2] Batch 5/11 complete, pausing 1 second before next batch...
2025-10-31 23:36:14 - BinanceScanner - INFO - [universe_selector.py:249] - 🔄 [Stage 2 Batch 6/11] Processing symbols 51 to 60...
2025-10-31 23:36:22 - BinanceScanner - INFO - [universe_selector.py:295] - ⏸️  [Stage 2] Batch 6/11 complete, pausing 1 second before next batch...
2025-10-31 23:36:23 - BinanceScanner - INFO - [universe_selector.py:249] - 🔄 [Stage 2 Batch 7/11] Processing symbols 61 to 70...
2025-10-31 23:36:30 - BinanceScanner - INFO - [universe_selector.py:295] - ⏸️  [Stage 2] Batch 7/11 complete, pausing 1 second before next batch...
2025-10-31 23:36:31 - BinanceScanner - INFO - [universe_selector.py:249] - 🔄 [Stage 2 Batch 8/11] Processing symbols 71 to 80...
2025-10-31 23:36:39 - BinanceScanner - INFO - [universe_selector.py:295] - ⏸️  [Stage 2] Batch 8/11 complete, pausing 1 second before next batch...
2025-10-31 23:36:40 - BinanceScanner - INFO - [universe_selector.py:249] - 🔄 [Stage 2 Batch 9/11] Processing symbols 81 to 90...
2025-10-31 23:36:47 - BinanceScanner - INFO - [universe_selector.py:295] - ⏸️  [Stage 2] Batch 9/11 complete, pausing 1 second before next batch...
2025-10-31 23:36:48 - BinanceScanner - INFO - [universe_selector.py:249] - 🔄 [Stage 2 Batch 10/11] Processing symbols 91 to 100...
2025-10-31 23:36:55 - BinanceScanner - INFO - [universe_selector.py:295] - ⏸️  [Stage 2] Batch 10/11 complete, pausing 1 second before next batch...
2025-10-31 23:36:56 - BinanceScanner - INFO - [universe_selector.py:249] - 🔄 [Stage 2 Batch 11/11] Processing symbols 101 to 107...
2025-10-31 23:37:02 - BinanceScanner - INFO - [universe_selector.py:301] - 📊 [Stage 2 Samples] First 5 OI values: BTCUSDT($8586.7M @ $109526.50), ETHUSDT($6016.5M @ $3851.39), BCHUSDT($146.4M @ $539.50), XRPUSDT($489.7M @ $2.51), LTCUSDT($94.8M @ $95.67)
2025-10-31 23:37:02 - BinanceScanner - INFO - [universe_selector.py:303] - 📊 [Stage 2 Summary] Processed 107 symbols: Passed=107, Below threshold=0, Failed=0
2025-10-31 23:37:02 - BinanceScanner - INFO - [universe_selector.py:113] - ✅ [Stage 2/3] Open Interest filter: 107 → 107 symbols (89.56s)
2025-10-31 23:37:02 - BinanceScanner - INFO - [universe_selector.py:356] - 📊 [Stage 3 Samples] First 5 spreads: BTCUSDT(0.0001%), ETHUSDT(0.0003%), BCHUSDT(0.0019%), XRPUSDT(0.0040%), LTCUSDT(0.0105%)
2025-10-31 23:37:02 - BinanceScanner - INFO - [universe_selector.py:358] - ���� [Stage 3 Details] Passed: 70, Filtered: 37, No bid: 0, Max spread: 0.02%
2025-10-31 23:37:02 - BinanceScanner - INFO - [universe_selector.py:123] - ✅ [Stage 3/3] Spread filter: 107 → 70 symbols (0.00s)
2025-10-31 23:37:02 - BinanceScanner - INFO - [universe_selector.py:130] - 📊 [UniverseSelector] Calculating scores for 70 symbols...
2025-10-31 23:37:32 - BinanceScanner - INFO - [universe_selector.py:136] - ✅ [UniverseSelector] Score calculation complete
2025-10-31 23:37:32 - BinanceScanner - INFO - [universe_selector.py:142] - 📊 [UniverseSelector] Updating database with 70 symbols...
2025-10-31 23:37:32 - BinanceScanner - INFO - [universe_selector.py:176] - ✅ [UniverseSelector] Universe scan completed in 121.85s, selected 70 symbols
2025-10-31 23:37:32 - BinanceScanner - INFO - [universe_selector.py:178] - 🏆 [UniverseSelector] Top 10 symbols by score: XRPUSDT(86.3), DOGEUSDT(85.2), SOLUSDT(83.6), TRUMPUSDT(82.8), JELLYJELLYUSDT(81.7), ADAUSDT(80.4), AVNTUSDT(77.3), ASTERUSDT(76.4), AI16ZUSDT(76.0), APRUSDT(75.6)
2025-10-31 23:37:33 - BinanceScanner - INFO - [telegram_dispatcher.py:206] - 📤 [TelegramDispatcher] Sent notification
2025-10-31 23:37:33 - BinanceScanner - INFO - [main.py:104] - ✅ [Main] Initial scan complete, selected 70 symbols
2025-10-31 23:37:33 - BinanceScanner - INFO - [main.py:75] - 🚀 [Main] Starting DataCollector for 70 symbols...
2025-10-31 23:37:33 - BinanceScanner - INFO - [main.py:142] - 🎯 [Main] Starting signal generation loop...
2025-10-31 23:37:33 - BinanceScanner - INFO - [main.py:153] - 🔍 [Main] Analyzing ALL 70 symbols for signals...
2025-10-31 23:37:33 - BinanceScanner - INFO - [main.py:163] - ✅ [Main] Completed signal check for 70 symbols - Generated 0 signals
2025-10-31 23:37:33 - BinanceScanner - INFO - [main.py:365] - ⚡ [Main] Starting 100ms fast signal tracking loop...
2025-10-31 23:37:33 - BinanceScanner - INFO - [fast_signal_tracker.py:76] - 🔄 [FastSignalTracker] Cache synced: 0 open signals, 0 active reversal counters, 0 partial close states
2025-10-31 23:37:33 - BinanceScanner - INFO - [fast_signal_tracker.py:76] - 🔄 [FastSignalTracker] Cache synced: 0 open signals, 0 active reversal counters, 0 partial close states
2025-10-31 23:37:33 - BinanceScanner - INFO - [main.py:408] - 📊 [Main] Starting metrics update loop...
2025-10-31 23:37:33 - BinanceScanner - INFO - [data_collector.py:31] - 🚀 [DataCollector] Starting data collection for 70 symbols...
2025-10-31 23:37:33 - BinanceScanner - INFO - [data_collector.py:32] - 📊 [DataCollector] Total streams: 280 (bookTicker+depth20+aggTrade+kline_15m, limit: 1024)
2025-10-31 23:37:33 - BinanceScanner - INFO - [data_collector.py:56] - 📡 [DataCollector] Connecting to combined WebSocket for 70 symbols with proxy...
2025-10-31 23:37:33 - BinanceScanner - INFO - [data_collector.py:67] - ✅ [DataCollector] Connected! Streaming 280 streams for 70 symbols
2025-10-31 23:37:34 - BinanceScanner - INFO - [data_collector.py:215] - 🔍 [DIAGNOSTIC] Trade #1 from Binance: JELLYJELLYUSDT - Price=$0.14, Qty=697.0000, Size=$95, IsSell=True, Time=1761953853822
2025-10-31 23:37:34 - BinanceScanner - INFO - [trade_flow_analyzer.py:64] - 📊 [DIAGNOSTIC] JELLYJELLYUSDT - Trades accumulated: 1 (cleaned 0)
2025-10-31 23:37:34 - BinanceScanner - INFO - [data_collector.py:215] - 🔍 [DIAGNOSTIC] Trade #2 from Binance: ETHUSDT - Price=$3851.49, Qty=0.1580, Size=$609, IsSell=True, Time=1761953853832
2025-10-31 23:37:34 - BinanceScanner - INFO - [trade_flow_analyzer.py:64] - 📊 [DIAGNOSTIC] ETHUSDT - Trades accumulated: 1 (cleaned 0)
2025-10-31 23:37:34 - BinanceScanner - INFO - [data_collector.py:215] - 🔍 [DIAGNOSTIC] Trade #3 from Binance: ZENUSDT - Price=$13.82, Qty=7.4000, Size=$102, IsSell=False, Time=1761953853753
2025-10-31 23:37:34 - BinanceScanner - INFO - [trade_flow_analyzer.py:64] - 📊 [DIAGNOSTIC] ZENUSDT - Trades accumulated: 1 (cleaned 0)
2025-10-31 23:37:34 - BinanceScanner - INFO - [trade_flow_analyzer.py:64] - 📊 [DIAGNOSTIC] DOGEUSDT - Trades accumulated: 1 (cleaned 0)
2025-10-31 23:37:34 - BinanceScanner - INFO - [trade_flow_analyzer.py:64] - 📊 [DIAGNOSTIC] BTCUSDT - Trades accumulated: 1 (cleaned 0)
2025-10-31 23:37:37 - BinanceScanner - INFO - [trade_flow_analyzer.py:175] - 💰 [DIAGNOSTIC] LARGE BUY XRPUSDT: $18,297 (threshold=$10,000, price=$2.51, qty=7290.9000)
2025-10-31 23:37:38 - BinanceScanner - INFO - [trade_flow_analyzer.py:175] - 💰 [DIAGNOSTIC] LARGE BUY XRPUSDT: $18,297 (threshold=$10,000, price=$2.51, qty=7290.9000)
2025-10-31 23:37:38 - BinanceScanner - INFO - [trade_flow_analyzer.py:175] - 💰 [DIAGNOSTIC] LARGE BUY DOGEUSDT: $10,074 (threshold=$10,000, price=$0.19, qty=53980.0000)
2025-10-31 23:37:38 - BinanceScanner - INFO - [fast_signal_tracker.py:76] - 🔄 [FastSignalTracker] Cache synced: 0 open signals, 0 active reversal counters, 0 partial close states
2025-10-31 23:37:38 - BinanceScanner - INFO - [trade_flow_analyzer.py:175] - 💰 [DIAGNOSTIC] LARGE BUY DOGEUSDT: $10,074 (threshold=$10,000, price=$0.19, qty=53980.0000)
2025-10-31 23:37:38 - BinanceScanner - INFO - [trade_flow_analyzer.py:175] - 💰 [DIAGNOSTIC] LARGE BUY XRPUSDT: $18,297 (threshold=$10,000, price=$2.51, qty=7290.9000)
2025-10-31 23:37:38 - BinanceScanner - INFO - [trade_flow_analyzer.py:165] - 💰 [DIAGNOSTIC] LARGE SELL BNBUSDT: $10,886 (threshold=$10,000, price=$1088.61, qty=10.0000)
2025-10-31 23:37:39 - BinanceScanner - INFO - [trade_flow_analyzer.py:165] - 💰 [DIAGNOSTIC] LARGE SELL TIAUSDT: $23,164 (threshold=$10,000, price=$0.90, qty=25721.0000)
2025-10-31 23:37:39 - BinanceScanner - INFO - [trade_flow_analyzer.py:165] - 💰 [DIAGNOSTIC] LARGE SELL TIAUSDT: $23,164 (threshold=$10,000, price=$0.90, qty=25721.0000)
2025-10-31 23:37:39 - BinanceScanner - INFO - [trade_flow_analyzer.py:165] - 💰 [DIAGNOSTIC] LARGE SELL TIAUSDT: $23,164 (threshold=$10,000, price=$0.90, qty=25721.0000)
2025-10-31 23:37:39 - BinanceScanner - INFO - [trade_flow_analyzer.py:165] - 💰 [DIAGNOSTIC] LARGE SELL TIAUSDT: $23,164 (threshold=$10,000, price=$0.90, qty=25721.0000)
2025-10-31 23:37:43 - BinanceScanner - INFO - [fast_signal_tracker.py:76] - 🔄 [FastSignalTracker] Cache synced: 0 open signals, 0 active reversal counters, 0 partial close states
2025-10-31 23:37:48 - BinanceScanner - INFO - [fast_signal_tracker.py:76] - 🔄 [FastSignalTracker] Cache synced: 0 open signals, 0 active reversal counters, 0 partial close states
root@ubuntu-s-1vcpu-2gb-fra1-01:~/BinanceFuturesBot# grep -i "exception\|traceback" /var/log/binance-bot-error.log | tail -20
    with map_httpcore_exceptions():
  File "/root/BinanceFuturesBot/venv/lib/python3.12/site-packages/httpx/_transports/default.py", line 83, in map_httpcore_exceptions
The above exception was the direct cause of the following exception:
Traceback (most recent call last):
Exception happened while polling for updates.
Traceback (most recent call last):
Exception happened while polling for updates.
Traceback (most recent call last):
Exception happened while polling for updates.
Traceback (most recent call last):
Exception happened while polling for updates.
Traceback (most recent call last):
Traceback (most recent call last):
Traceback (most recent call last):
Traceback (most recent call last):
Traceback (most recent call last):
Traceback (most recent call last):
Traceback (most recent call last):
Traceback (most recent call last):
Traceback (most recent call last):
root@ubuntu-s-1vcpu-2gb-fra1-01:~/BinanceFuturesBot# cat -n bot/main.py | sed -n '44,45p'
    44              self.signal_generator = SignalGenerator(db_manager.async_pool)
    45              logger.info("✅ [Main] SignalGenerator initialized with db_pool")
root@ubuntu-s-1vcpu-2gb-fra1-01:~/BinanceFuturesBot# 